[04-Jan-2023 21:44:47 UTC] Cron reschedule event error for hook: action_scheduler_run_queue, Error code: invalid_schedule, Error message: L’évènement planifié n’existe pas., Data: {"schedule":"every_minute","args":["WP Cron"],"interval":60}
[04-Jan-2023 21:45:15 UTC] Cron reschedule event error for hook: woocommerce_geoip_updater, Error code: invalid_schedule, Error message: L’évènement planifié n’existe pas., Data: {"schedule":"fifteendays","args":[],"interval":1296000}
[04-Jan-2023 21:55:16 UTC] Erreur d’événement de replanification de tâche pour le crochet ewww_image_optimizer_relative_migration. Code d’erreur : invalid_schedule. Message d’erreur : L’évènement planifié n’existe pas.. Données : {"schedule":"ewwwio_relative_migration_interval","args":[],"interval":300}
[23-Jan-2023 20:52:48 UTC] Erreur d’événement de replanification de tâche pour le crochet woocommerce_cleanup_rate_limits. Code d’erreur : could_not_set. Message d’erreur : La liste des évènements planifiés n’a pas pu être sauvegardée.. Données : {"schedule":"daily","args":[],"interval":86400}
[24-Jan-2023 17:40:43 UTC] PHP Fatal error:  Cannot redeclare ashe_setup() (previously declared in C:\Users\romai\Local Sites\chic-dressing\app\public\wp-content\themes\chicdressing\functions.php:13) in C:\Users\romai\Local Sites\chic-dressing\app\public\wp-content\themes\ashe\functions.php on line 6
[24-Jan-2023 17:40:43 UTC] PHP Stack trace:
[24-Jan-2023 17:40:43 UTC] PHP   1. {main}() C:\Users\romai\Local Sites\chic-dressing\app\public\index.php:0
[24-Jan-2023 17:40:43 UTC] PHP   2. require() C:\Users\romai\Local Sites\chic-dressing\app\public\index.php:17
[24-Jan-2023 17:40:43 UTC] PHP   3. require_once() C:\Users\romai\Local Sites\chic-dressing\app\public\wp-blog-header.php:13
[24-Jan-2023 17:40:43 UTC] PHP   4. require_once() C:\Users\romai\Local Sites\chic-dressing\app\public\wp-load.php:50
[24-Jan-2023 17:40:43 UTC] PHP   5. require_once() C:\Users\romai\Local Sites\chic-dressing\app\public\wp-config.php:93
[24-Jan-2023 17:40:43 UTC] PHP Fatal error:  Cannot redeclare ashe_setup() (previously declared in C:\Users\romai\Local Sites\chic-dressing\app\public\wp-content\themes\chicdressing\functions.php:13) in C:\Users\romai\Local Sites\chic-dressing\app\public\wp-content\themes\ashe\functions.php on line 6
[24-Jan-2023 17:40:43 UTC] PHP Stack trace:
[24-Jan-2023 17:40:43 UTC] PHP   1. {main}() C:\Users\romai\Local Sites\chic-dressing\app\public\index.php:0
[24-Jan-2023 17:40:43 UTC] PHP   2. require() C:\Users\romai\Local Sites\chic-dressing\app\public\index.php:17
[24-Jan-2023 17:40:43 UTC] PHP   3. require_once() C:\Users\romai\Local Sites\chic-dressing\app\public\wp-blog-header.php:13
[24-Jan-2023 17:40:43 UTC] PHP   4. require_once() C:\Users\romai\Local Sites\chic-dressing\app\public\wp-load.php:50
[24-Jan-2023 17:40:43 UTC] PHP   5. require_once() C:\Users\romai\Local Sites\chic-dressing\app\public\wp-config.php:93
[24-Jan-2023 17:42:24 UTC] PHP Fatal error:  Uncaught Error: Call to undefined function ashe_options() in C:\Users\romai\Local Sites\chic-dressing\app\public\wp-content\themes\ashe\templates\header\preloader.php:3
Stack trace:
#0 C:\Users\romai\Local Sites\chic-dressing\app\public\wp-includes\template.php(785): require()
#1 C:\Users\romai\Local Sites\chic-dressing\app\public\wp-includes\template.php(718): load_template('C:\\Users\\romai\\...', false, Array)
#2 C:\Users\romai\Local Sites\chic-dressing\app\public\wp-includes\general-template.php(204): locate_template(Array, true, false, Array)
#3 C:\Users\romai\Local Sites\chic-dressing\app\public\wp-content\themes\ashe\header.php(21): get_template_part('templates/heade...')
#4 C:\Users\romai\Local Sites\chic-dressing\app\public\wp-includes\template.php(783): require_once('C:\\Users\\romai\\...')
#5 C:\Users\romai\Local Sites\chic-dressing\app\public\wp-includes\template.php(718): load_template('C:\\Users\\romai\\...', true, Array)
#6 C:\Users\romai\Local Sites\chic-dressing\app\public\wp-includes\general in C:\Users\romai\Local Sites\chic-dressing\app\public\wp-content\themes\ashe\templates\header\preloader.php on line 3
[26-Jan-2023 16:10:59 UTC] PHP Warning:  touch(): Unable to create file /tmp/pagespeed/cache.flush because No such file or directory in C:\Users\romai\Local Sites\chic-dressing\app\public\wp-content\plugins\nginx-helper\admin\class-fastcgi-purger.php on line 192
[26-Jan-2023 16:10:59 UTC] PHP Stack trace:
[26-Jan-2023 16:10:59 UTC] PHP   1. {main}() C:\Users\romai\Local Sites\chic-dressing\app\public\wp-admin\options-general.php:0
[26-Jan-2023 16:10:59 UTC] PHP   2. require_once() C:\Users\romai\Local Sites\chic-dressing\app\public\wp-admin\options-general.php:10
[26-Jan-2023 16:10:59 UTC] PHP   3. shutdown_action_hook() C:\Users\romai\Local Sites\chic-dressing\app\public\wp-includes\load.php:0
[26-Jan-2023 16:10:59 UTC] PHP   4. do_action() C:\Users\romai\Local Sites\chic-dressing\app\public\wp-includes\load.php:1124
[26-Jan-2023 16:10:59 UTC] PHP   5. WP_Hook->do_action() C:\Users\romai\Local Sites\chic-dressing\app\public\wp-includes\plugin.php:517
[26-Jan-2023 16:10:59 UTC] PHP   6. WP_Hook->apply_filters() C:\Users\romai\Local Sites\chic-dressing\app\public\wp-includes\class-wp-hook.php:332
[26-Jan-2023 16:10:59 UTC] PHP   7. autoptimize_do_cachepurged_action() C:\Users\romai\Local Sites\chic-dressing\app\public\wp-includes\class-wp-hook.php:308
[26-Jan-2023 16:10:59 UTC] PHP   8. do_action() C:\Users\romai\Local Sites\chic-dressing\app\public\wp-content\plugins\autoptimize\classes\autoptimizeCache.php:419
[26-Jan-2023 16:10:59 UTC] PHP   9. WP_Hook->do_action() C:\Users\romai\Local Sites\chic-dressing\app\public\wp-includes\plugin.php:517
[26-Jan-2023 16:10:59 UTC] PHP  10. WP_Hook->apply_filters() C:\Users\romai\Local Sites\chic-dressing\app\public\wp-includes\class-wp-hook.php:332
[26-Jan-2023 16:10:59 UTC] PHP  11. autoptimizeCache::flushPageCache() C:\Users\romai\Local Sites\chic-dressing\app\public\wp-includes\class-wp-hook.php:306
[26-Jan-2023 16:10:59 UTC] PHP  12. do_action() C:\Users\romai\Local Sites\chic-dressing\app\public\wp-content\plugins\autoptimize\classes\autoptimizeCache.php:835
[26-Jan-2023 16:10:59 UTC] PHP  13. WP_Hook->do_action() C:\Users\romai\Local Sites\chic-dressing\app\public\wp-includes\plugin.php:517
[26-Jan-2023 16:10:59 UTC] PHP  14. WP_Hook->apply_filters() C:\Users\romai\Local Sites\chic-dressing\app\public\wp-includes\class-wp-hook.php:332
[26-Jan-2023 16:10:59 UTC] PHP  15. FastCGI_Purger->purge_all() C:\Users\romai\Local Sites\chic-dressing\app\public\wp-includes\class-wp-hook.php:308
[26-Jan-2023 16:10:59 UTC] PHP  16. touch() C:\Users\romai\Local Sites\chic-dressing\app\public\wp-content\plugins\nginx-helper\admin\class-fastcgi-purger.php:192
[26-Jan-2023 16:13:30 UTC] PHP Warning:  touch(): Unable to create file /tmp/pagespeed/cache.flush because No such file or directory in C:\Users\romai\Local Sites\chic-dressing\app\public\wp-content\plugins\nginx-helper\admin\class-fastcgi-purger.php on line 192
[26-Jan-2023 16:13:30 UTC] PHP Stack trace:
[26-Jan-2023 16:13:30 UTC] PHP   1. {main}() C:\Users\romai\Local Sites\chic-dressing\app\public\wp-admin\options-general.php:0
[26-Jan-2023 16:13:30 UTC] PHP   2. require_once() C:\Users\romai\Local Sites\chic-dressing\app\public\wp-admin\options-general.php:10
[26-Jan-2023 16:13:30 UTC] PHP   3. shutdown_action_hook() C:\Users\romai\Local Sites\chic-dressing\app\public\wp-includes\load.php:0
[26-Jan-2023 16:13:30 UTC] PHP   4. do_action() C:\Users\romai\Local Sites\chic-dressing\app\public\wp-includes\load.php:1124
[26-Jan-2023 16:13:30 UTC] PHP   5. WP_Hook->do_action() C:\Users\romai\Local Sites\chic-dressing\app\public\wp-includes\plugin.php:517
[26-Jan-2023 16:13:30 UTC] PHP   6. WP_Hook->apply_filters() C:\Users\romai\Local Sites\chic-dressing\app\public\wp-includes\class-wp-hook.php:332
[26-Jan-2023 16:13:30 UTC] PHP   7. autoptimize_do_cachepurged_action() C:\Users\romai\Local Sites\chic-dressing\app\public\wp-includes\class-wp-hook.php:308
[26-Jan-2023 16:13:30 UTC] PHP   8. do_action() C:\Users\romai\Local Sites\chic-dressing\app\public\wp-content\plugins\autoptimize\classes\autoptimizeCache.php:419
[26-Jan-2023 16:13:30 UTC] PHP   9. WP_Hook->do_action() C:\Users\romai\Local Sites\chic-dressing\app\public\wp-includes\plugin.php:517
[26-Jan-2023 16:13:30 UTC] PHP  10. WP_Hook->apply_filters() C:\Users\romai\Local Sites\chic-dressing\app\public\wp-includes\class-wp-hook.php:332
[26-Jan-2023 16:13:30 UTC] PHP  11. autoptimizeCache::flushPageCache() C:\Users\romai\Local Sites\chic-dressing\app\public\wp-includes\class-wp-hook.php:306
[26-Jan-2023 16:13:30 UTC] PHP  12. do_action() C:\Users\romai\Local Sites\chic-dressing\app\public\wp-content\plugins\autoptimize\classes\autoptimizeCache.php:835
[26-Jan-2023 16:13:30 UTC] PHP  13. WP_Hook->do_action() C:\Users\romai\Local Sites\chic-dressing\app\public\wp-includes\plugin.php:517
[26-Jan-2023 16:13:30 UTC] PHP  14. WP_Hook->apply_filters() C:\Users\romai\Local Sites\chic-dressing\app\public\wp-includes\class-wp-hook.php:332
[26-Jan-2023 16:13:30 UTC] PHP  15. FastCGI_Purger->purge_all() C:\Users\romai\Local Sites\chic-dressing\app\public\wp-includes\class-wp-hook.php:308
[26-Jan-2023 16:13:30 UTC] PHP  16. touch() C:\Users\romai\Local Sites\chic-dressing\app\public\wp-content\plugins\nginx-helper\admin\class-fastcgi-purger.php:192
[26-Jan-2023 16:13:38 UTC] PHP Warning:  touch(): Unable to create file /tmp/pagespeed/cache.flush because No such file or directory in C:\Users\romai\Local Sites\chic-dressing\app\public\wp-content\plugins\nginx-helper\admin\class-fastcgi-purger.php on line 192
[26-Jan-2023 16:13:38 UTC] PHP Stack trace:
[26-Jan-2023 16:13:38 UTC] PHP   1. {main}() C:\Users\romai\Local Sites\chic-dressing\app\public\wp-admin\options-general.php:0
[26-Jan-2023 16:13:38 UTC] PHP   2. require_once() C:\Users\romai\Local Sites\chic-dressing\app\public\wp-admin\options-general.php:10
[26-Jan-2023 16:13:38 UTC] PHP   3. shutdown_action_hook() C:\Users\romai\Local Sites\chic-dressing\app\public\wp-includes\load.php:0
[26-Jan-2023 16:13:38 UTC] PHP   4. do_action() C:\Users\romai\Local Sites\chic-dressing\app\public\wp-includes\load.php:1124
[26-Jan-2023 16:13:38 UTC] PHP   5. WP_Hook->do_action() C:\Users\romai\Local Sites\chic-dressing\app\public\wp-includes\plugin.php:517
[26-Jan-2023 16:13:38 UTC] PHP   6. WP_Hook->apply_filters() C:\Users\romai\Local Sites\chic-dressing\app\public\wp-includes\class-wp-hook.php:332
[26-Jan-2023 16:13:38 UTC] PHP   7. autoptimize_do_cachepurged_action() C:\Users\romai\Local Sites\chic-dressing\app\public\wp-includes\class-wp-hook.php:308
[26-Jan-2023 16:13:38 UTC] PHP   8. do_action() C:\Users\romai\Local Sites\chic-dressing\app\public\wp-content\plugins\autoptimize\classes\autoptimizeCache.php:419
[26-Jan-2023 16:13:38 UTC] PHP   9. WP_Hook->do_action() C:\Users\romai\Local Sites\chic-dressing\app\public\wp-includes\plugin.php:517
[26-Jan-2023 16:13:38 UTC] PHP  10. WP_Hook->apply_filters() C:\Users\romai\Local Sites\chic-dressing\app\public\wp-includes\class-wp-hook.php:332
[26-Jan-2023 16:13:38 UTC] PHP  11. autoptimizeCache::flushPageCache() C:\Users\romai\Local Sites\chic-dressing\app\public\wp-includes\class-wp-hook.php:306
[26-Jan-2023 16:13:38 UTC] PHP  12. do_action() C:\Users\romai\Local Sites\chic-dressing\app\public\wp-content\plugins\autoptimize\classes\autoptimizeCache.php:835
[26-Jan-2023 16:13:38 UTC] PHP  13. WP_Hook->do_action() C:\Users\romai\Local Sites\chic-dressing\app\public\wp-includes\plugin.php:517
[26-Jan-2023 16:13:38 UTC] PHP  14. WP_Hook->apply_filters() C:\Users\romai\Local Sites\chic-dressing\app\public\wp-includes\class-wp-hook.php:332
[26-Jan-2023 16:13:38 UTC] PHP  15. FastCGI_Purger->purge_all() C:\Users\romai\Local Sites\chic-dressing\app\public\wp-includes\class-wp-hook.php:308
[26-Jan-2023 16:13:38 UTC] PHP  16. touch() C:\Users\romai\Local Sites\chic-dressing\app\public\wp-content\plugins\nginx-helper\admin\class-fastcgi-purger.php:192
[03-Feb-2023 18:33:02 UTC] PHP Warning:  touch(): Unable to create file /tmp/pagespeed/cache.flush because No such file or directory in C:\Users\romai\Local Sites\chic-dressing\app\public\wp-content\plugins\nginx-helper\admin\class-fastcgi-purger.php on line 192
[03-Feb-2023 18:33:02 UTC] PHP Stack trace:
[03-Feb-2023 18:33:02 UTC] PHP   1. {main}() C:\Users\romai\Local Sites\chic-dressing\app\public\wp-admin\admin-ajax.php:0
[03-Feb-2023 18:33:02 UTC] PHP   2. do_action() C:\Users\romai\Local Sites\chic-dressing\app\public\wp-admin\admin-ajax.php:188
[03-Feb-2023 18:33:02 UTC] PHP   3. WP_Hook->do_action() C:\Users\romai\Local Sites\chic-dressing\app\public\wp-includes\plugin.php:517
[03-Feb-2023 18:33:02 UTC] PHP   4. WP_Hook->apply_filters() C:\Users\romai\Local Sites\chic-dressing\app\public\wp-includes\class-wp-hook.php:332
[03-Feb-2023 18:33:02 UTC] PHP   5. autoptimizeToolbar->delete_cache() C:\Users\romai\Local Sites\chic-dressing\app\public\wp-includes\class-wp-hook.php:308
[03-Feb-2023 18:33:02 UTC] PHP   6. wp_send_json() C:\Users\romai\Local Sites\chic-dressing\app\public\wp-content\plugins\autoptimize\classes\autoptimizeToolbar.php:133
[03-Feb-2023 18:33:02 UTC] PHP   7. wp_die() C:\Users\romai\Local Sites\chic-dressing\app\public\wp-includes\functions.php:4417
[03-Feb-2023 18:33:02 UTC] PHP   8. _ajax_wp_die_handler() C:\Users\romai\Local Sites\chic-dressing\app\public\wp-includes\functions.php:3713
[03-Feb-2023 18:33:02 UTC] PHP   9. shutdown_action_hook() C:\Users\romai\Local Sites\chic-dressing\app\public\wp-includes\load.php:0
[03-Feb-2023 18:33:02 UTC] PHP  10. do_action() C:\Users\romai\Local Sites\chic-dressing\app\public\wp-includes\load.php:1124
[03-Feb-2023 18:33:02 UTC] PHP  11. WP_Hook->do_action() C:\Users\romai\Local Sites\chic-dressing\app\public\wp-includes\plugin.php:517
[03-Feb-2023 18:33:02 UTC] PHP  12. WP_Hook->apply_filters() C:\Users\romai\Local Sites\chic-dressing\app\public\wp-includes\class-wp-hook.php:332
[03-Feb-2023 18:33:02 UTC] PHP  13. autoptimize_do_cachepurged_action() C:\Users\romai\Local Sites\chic-dressing\app\public\wp-includes\class-wp-hook.php:308
[03-Feb-2023 18:33:02 UTC] PHP  14. do_action() C:\Users\romai\Local Sites\chic-dressing\app\public\wp-content\plugins\autoptimize\classes\autoptimizeCache.php:419
[03-Feb-2023 18:33:02 UTC] PHP  15. WP_Hook->do_action() C:\Users\romai\Local Sites\chic-dressing\app\public\wp-includes\plugin.php:517
[03-Feb-2023 18:33:02 UTC] PHP  16. WP_Hook->apply_filters() C:\Users\romai\Local Sites\chic-dressing\app\public\wp-includes\class-wp-hook.php:332
[03-Feb-2023 18:33:02 UTC] PHP  17. autoptimizeCache::flushPageCache() C:\Users\romai\Local Sites\chic-dressing\app\public\wp-includes\class-wp-hook.php:306
[03-Feb-2023 18:33:02 UTC] PHP  18. do_action() C:\Users\romai\Local Sites\chic-dressing\app\public\wp-content\plugins\autoptimize\classes\autoptimizeCache.php:835
[03-Feb-2023 18:33:02 UTC] PHP  19. WP_Hook->do_action() C:\Users\romai\Local Sites\chic-dressing\app\public\wp-includes\plugin.php:517
[03-Feb-2023 18:33:02 UTC] PHP  20. WP_Hook->apply_filters() C:\Users\romai\Local Sites\chic-dressing\app\public\wp-includes\class-wp-hook.php:332
[03-Feb-2023 18:33:02 UTC] PHP  21. FastCGI_Purger->purge_all() C:\Users\romai\Local Sites\chic-dressing\app\public\wp-includes\class-wp-hook.php:308
[03-Feb-2023 18:33:02 UTC] PHP  22. touch() C:\Users\romai\Local Sites\chic-dressing\app\public\wp-content\plugins\nginx-helper\admin\class-fastcgi-purger.php:192
[03-Feb-2023 19:13:29 UTC] PHP Warning:  touch(): Unable to create file /tmp/pagespeed/cache.flush because No such file or directory in C:\Users\romai\Local Sites\chic-dressing\app\public\wp-content\plugins\nginx-helper\admin\class-fastcgi-purger.php on line 192
[03-Feb-2023 19:13:29 UTC] PHP Stack trace:
[03-Feb-2023 19:13:29 UTC] PHP   1. {main}() C:\Users\romai\Local Sites\chic-dressing\app\public\wp-admin\options-general.php:0
[03-Feb-2023 19:13:29 UTC] PHP   2. require_once() C:\Users\romai\Local Sites\chic-dressing\app\public\wp-admin\options-general.php:10
[03-Feb-2023 19:13:29 UTC] PHP   3. shutdown_action_hook() C:\Users\romai\Local Sites\chic-dressing\app\public\wp-includes\load.php:0
[03-Feb-2023 19:13:29 UTC] PHP   4. do_action() C:\Users\romai\Local Sites\chic-dressing\app\public\wp-includes\load.php:1124
[03-Feb-2023 19:13:29 UTC] PHP   5. WP_Hook->do_action() C:\Users\romai\Local Sites\chic-dressing\app\public\wp-includes\plugin.php:517
[03-Feb-2023 19:13:29 UTC] PHP   6. WP_Hook->apply_filters() C:\Users\romai\Local Sites\chic-dressing\app\public\wp-includes\class-wp-hook.php:332
[03-Feb-2023 19:13:29 UTC] PHP   7. autoptimize_do_cachepurged_action() C:\Users\romai\Local Sites\chic-dressing\app\public\wp-includes\class-wp-hook.php:308
[03-Feb-2023 19:13:29 UTC] PHP   8. do_action() C:\Users\romai\Local Sites\chic-dressing\app\public\wp-content\plugins\autoptimize\classes\autoptimizeCache.php:419
[03-Feb-2023 19:13:29 UTC] PHP   9. WP_Hook->do_action() C:\Users\romai\Local Sites\chic-dressing\app\public\wp-includes\plugin.php:517
[03-Feb-2023 19:13:29 UTC] PHP  10. WP_Hook->apply_filters() C:\Users\romai\Local Sites\chic-dressing\app\public\wp-includes\class-wp-hook.php:332
[03-Feb-2023 19:13:29 UTC] PHP  11. autoptimizeCache::flushPageCache() C:\Users\romai\Local Sites\chic-dressing\app\public\wp-includes\class-wp-hook.php:306
[03-Feb-2023 19:13:29 UTC] PHP  12. do_action() C:\Users\romai\Local Sites\chic-dressing\app\public\wp-content\plugins\autoptimize\classes\autoptimizeCache.php:835
[03-Feb-2023 19:13:29 UTC] PHP  13. WP_Hook->do_action() C:\Users\romai\Local Sites\chic-dressing\app\public\wp-includes\plugin.php:517
[03-Feb-2023 19:13:29 UTC] PHP  14. WP_Hook->apply_filters() C:\Users\romai\Local Sites\chic-dressing\app\public\wp-includes\class-wp-hook.php:332
[03-Feb-2023 19:13:29 UTC] PHP  15. FastCGI_Purger->purge_all() C:\Users\romai\Local Sites\chic-dressing\app\public\wp-includes\class-wp-hook.php:308
[03-Feb-2023 19:13:29 UTC] PHP  16. touch() C:\Users\romai\Local Sites\chic-dressing\app\public\wp-content\plugins\nginx-helper\admin\class-fastcgi-purger.php:192
[03-Feb-2023 20:03:58 UTC] PHP Warning:  Failed loading Zend extension 'php_opcache.dll' (tried: C:/Users/romai/AppData/Roaming/Local/lightning-services/php-7.4.30+5/bin/win64/ext\php_opcache.dll (Le module spécifié est introuvable), C:/Users/romai/AppData/Roaming/Local/lightning-services/php-7.4.30+5/bin/win64/ext\php_php_opcache.dll.dll (Le module spécifié est introuvable)) in Unknown on line 0
[03-Feb-2023 20:03:58 UTC] PHP Warning:  Failed loading Zend extension 'php_xdebug.dll' (tried: C:/Users/romai/AppData/Roaming/Local/lightning-services/php-7.4.30+5/bin/win64/ext\php_xdebug.dll (Le module spécifié est introuvable), C:/Users/romai/AppData/Roaming/Local/lightning-services/php-7.4.30+5/bin/win64/ext\php_php_xdebug.dll.dll (Le module spécifié est introuvable)) in Unknown on line 0
[03-Feb-2023 20:03:58 UTC] PHP Warning:  PHP Startup: Unable to load dynamic library 'php_fileinfo.dll' (tried: C:/Users/romai/AppData/Roaming/Local/lightning-services/php-7.4.30+5/bin/win64/ext\php_fileinfo.dll (Le module spécifié est introuvable), C:/Users/romai/AppData/Roaming/Local/lightning-services/php-7.4.30+5/bin/win64/ext\php_php_fileinfo.dll.dll (Le module spécifié est introuvable)) in Unknown on line 0
[03-Feb-2023 20:03:58 UTC] PHP Warning:  PHP Startup: Unable to load dynamic library 'php_curl.dll' (tried: C:/Users/romai/AppData/Roaming/Local/lightning-services/php-7.4.30+5/bin/win64/ext\php_curl.dll (Le module spécifié est introuvable), C:/Users/romai/AppData/Roaming/Local/lightning-services/php-7.4.30+5/bin/win64/ext\php_php_curl.dll.dll (Le module spécifié est introuvable)) in Unknown on line 0
[03-Feb-2023 20:03:58 UTC] PHP Warning:  PHP Startup: Unable to load dynamic library 'php_gettext.dll' (tried: C:/Users/romai/AppData/Roaming/Local/lightning-services/php-7.4.30+5/bin/win64/ext\php_gettext.dll (Le module spécifié est introuvable), C:/Users/romai/AppData/Roaming/Local/lightning-services/php-7.4.30+5/bin/win64/ext\php_php_gettext.dll.dll (Le module spécifié est introuvable)) in Unknown on line 0
[03-Feb-2023 20:03:58 UTC] PHP Warning:  PHP Startup: Unable to load dynamic library 'php_openssl.dll' (tried: C:/Users/romai/AppData/Roaming/Local/lightning-services/php-7.4.30+5/bin/win64/ext\php_openssl.dll (Le module spécifié est introuvable), C:/Users/romai/AppData/Roaming/Local/lightning-services/php-7.4.30+5/bin/win64/ext\php_php_openssl.dll.dll (Le module spécifié est introuvable)) in Unknown on line 0
[03-Feb-2023 20:03:58 UTC] PHP Warning:  PHP Startup: Unable to load dynamic library 'php_exif.dll' (tried: C:/Users/romai/AppData/Roaming/Local/lightning-services/php-7.4.30+5/bin/win64/ext\php_exif.dll (Le module spécifié est introuvable), C:/Users/romai/AppData/Roaming/Local/lightning-services/php-7.4.30+5/bin/win64/ext\php_php_exif.dll.dll (Le module spécifié est introuvable)) in Unknown on line 0
[03-Feb-2023 20:03:58 UTC] PHP Warning:  PHP Startup: Unable to load dynamic library 'php_gd2.dll' (tried: C:/Users/romai/AppData/Roaming/Local/lightning-services/php-7.4.30+5/bin/win64/ext\php_gd2.dll (Le module spécifié est introuvable), C:/Users/romai/AppData/Roaming/Local/lightning-services/php-7.4.30+5/bin/win64/ext\php_php_gd2.dll.dll (Le module spécifié est introuvable)) in Unknown on line 0
[03-Feb-2023 20:03:58 UTC] PHP Warning:  PHP Startup: Unable to load dynamic library 'php_ftp.dll' (tried: C:/Users/romai/AppData/Roaming/Local/lightning-services/php-7.4.30+5/bin/win64/ext\php_ftp.dll (Le module spécifié est introuvable), C:/Users/romai/AppData/Roaming/Local/lightning-services/php-7.4.30+5/bin/win64/ext\php_php_ftp.dll.dll (Le module spécifié est introuvable)) in Unknown on line 0
[03-Feb-2023 20:03:58 UTC] PHP Warning:  PHP Startup: Unable to load dynamic library 'php_imap.dll' (tried: C:/Users/romai/AppData/Roaming/Local/lightning-services/php-7.4.30+5/bin/win64/ext\php_imap.dll (Le module spécifié est introuvable), C:/Users/romai/AppData/Roaming/Local/lightning-services/php-7.4.30+5/bin/win64/ext\php_php_imap.dll.dll (Le module spécifié est introuvable)) in Unknown on line 0
[03-Feb-2023 20:03:58 UTC] PHP Warning:  PHP Startup: Unable to load dynamic library 'php_bz2.dll' (tried: C:/Users/romai/AppData/Roaming/Local/lightning-services/php-7.4.30+5/bin/win64/ext\php_bz2.dll (Le module spécifié est introuvable), C:/Users/romai/AppData/Roaming/Local/lightning-services/php-7.4.30+5/bin/win64/ext\php_php_bz2.dll.dll (Le module spécifié est introuvable)) in Unknown on line 0
[03-Feb-2023 20:03:58 UTC] PHP Warning:  PHP Startup: Unable to load dynamic library 'php_mbstring.dll' (tried: C:/Users/romai/AppData/Roaming/Local/lightning-services/php-7.4.30+5/bin/win64/ext\php_mbstring.dll (Le module spécifié est introuvable), C:/Users/romai/AppData/Roaming/Local/lightning-services/php-7.4.30+5/bin/win64/ext\php_php_mbstring.dll.dll (Le module spécifié est introuvable)) in Unknown on line 0
[03-Feb-2023 20:03:58 UTC] PHP Warning:  PHP Startup: Unable to load dynamic library 'php_sodium.dll' (tried: C:/Users/romai/AppData/Roaming/Local/lightning-services/php-7.4.30+5/bin/win64/ext\php_sodium.dll (Le module spécifié est introuvable), C:/Users/romai/AppData/Roaming/Local/lightning-services/php-7.4.30+5/bin/win64/ext\php_php_sodium.dll.dll (Le module spécifié est introuvable)) in Unknown on line 0
[03-Feb-2023 20:03:58 UTC] PHP Warning:  PHP Startup: Unable to load dynamic library 'php_tidy.dll' (tried: C:/Users/romai/AppData/Roaming/Local/lightning-services/php-7.4.30+5/bin/win64/ext\php_tidy.dll (Le module spécifié est introuvable), C:/Users/romai/AppData/Roaming/Local/lightning-services/php-7.4.30+5/bin/win64/ext\php_php_tidy.dll.dll (Le module spécifié est introuvable)) in Unknown on line 0
[03-Feb-2023 20:03:58 UTC] PHP Warning:  PHP Startup: Unable to load dynamic library 'php_xsl.dll' (tried: C:/Users/romai/AppData/Roaming/Local/lightning-services/php-7.4.30+5/bin/win64/ext\php_xsl.dll (Le module spécifié est introuvable), C:/Users/romai/AppData/Roaming/Local/lightning-services/php-7.4.30+5/bin/win64/ext\php_php_xsl.dll.dll (Le module spécifié est introuvable)) in Unknown on line 0
[03-Feb-2023 20:03:58 UTC] PHP Warning:  PHP Startup: Unable to load dynamic library 'php_xmlrpc.dll' (tried: C:/Users/romai/AppData/Roaming/Local/lightning-services/php-7.4.30+5/bin/win64/ext\php_xmlrpc.dll (Le module spécifié est introuvable), C:/Users/romai/AppData/Roaming/Local/lightning-services/php-7.4.30+5/bin/win64/ext\php_php_xmlrpc.dll.dll (Le module spécifié est introuvable)) in Unknown on line 0
[03-Feb-2023 20:03:58 UTC] PHP Warning:  PHP Startup: Unable to load dynamic library 'php_soap.dll' (tried: C:/Users/romai/AppData/Roaming/Local/lightning-services/php-7.4.30+5/bin/win64/ext\php_soap.dll (Le module spécifié est introuvable), C:/Users/romai/AppData/Roaming/Local/lightning-services/php-7.4.30+5/bin/win64/ext\php_php_soap.dll.dll (Le module spécifié est introuvable)) in Unknown on line 0
[03-Feb-2023 20:03:58 UTC] PHP Warning:  PHP Startup: Unable to load dynamic library 'php_mysqli.dll' (tried: C:/Users/romai/AppData/Roaming/Local/lightning-services/php-7.4.30+5/bin/win64/ext\php_mysqli.dll (Le module spécifié est introuvable), C:/Users/romai/AppData/Roaming/Local/lightning-services/php-7.4.30+5/bin/win64/ext\php_php_mysqli.dll.dll (Le module spécifié est introuvable)) in Unknown on line 0
[03-Feb-2023 20:03:58 UTC] PHP Warning:  PHP Startup: Unable to load dynamic library 'php_pdo_mysql.dll' (tried: C:/Users/romai/AppData/Roaming/Local/lightning-services/php-7.4.30+5/bin/win64/ext\php_pdo_mysql.dll (Le module spécifié est introuvable), C:/Users/romai/AppData/Roaming/Local/lightning-services/php-7.4.30+5/bin/win64/ext\php_php_pdo_mysql.dll.dll (Le module spécifié est introuvable)) in Unknown on line 0
[03-Feb-2023 20:03:58 UTC] PHP Warning:  PHP Startup: Unable to load dynamic library 'php_intl.dll' (tried: C:/Users/romai/AppData/Roaming/Local/lightning-services/php-7.4.30+5/bin/win64/ext\php_intl.dll (Le module spécifié est introuvable), C:/Users/romai/AppData/Roaming/Local/lightning-services/php-7.4.30+5/bin/win64/ext\php_php_intl.dll.dll (Le module spécifié est introuvable)) in Unknown on line 0
[03-Feb-2023 20:03:58 UTC] PHP Warning:  PHP Startup: Unable to load dynamic library 'php_imagick.dll' (tried: C:/Users/romai/AppData/Roaming/Local/lightning-services/php-7.4.30+5/bin/win64/ext\php_imagick.dll (Le module spécifié est introuvable), C:/Users/romai/AppData/Roaming/Local/lightning-services/php-7.4.30+5/bin/win64/ext\php_php_imagick.dll.dll (Le module spécifié est introuvable)) in Unknown on line 0
[03-Feb-2023 20:03:58 UTC] PHP Warning:  Failed loading Zend extension 'php_opcache.dll' (tried: C:/Users/romai/AppData/Roaming/Local/lightning-services/php-7.4.30+5/bin/win64/ext\php_opcache.dll (Le module spécifié est introuvable), C:/Users/romai/AppData/Roaming/Local/lightning-services/php-7.4.30+5/bin/win64/ext\php_php_opcache.dll.dll (Le module spécifié est introuvable)) in Unknown on line 0
[03-Feb-2023 20:03:58 UTC] PHP Warning:  Failed loading Zend extension 'php_xdebug.dll' (tried: C:/Users/romai/AppData/Roaming/Local/lightning-services/php-7.4.30+5/bin/win64/ext\php_xdebug.dll (Le module spécifié est introuvable), C:/Users/romai/AppData/Roaming/Local/lightning-services/php-7.4.30+5/bin/win64/ext\php_php_xdebug.dll.dll (Le module spécifié est introuvable)) in Unknown on line 0
[03-Feb-2023 20:03:58 UTC] PHP Warning:  PHP Startup: Unable to load dynamic library 'php_fileinfo.dll' (tried: C:/Users/romai/AppData/Roaming/Local/lightning-services/php-7.4.30+5/bin/win64/ext\php_fileinfo.dll (Le module spécifié est introuvable), C:/Users/romai/AppData/Roaming/Local/lightning-services/php-7.4.30+5/bin/win64/ext\php_php_fileinfo.dll.dll (Le module spécifié est introuvable)) in Unknown on line 0
[03-Feb-2023 20:03:58 UTC] PHP Warning:  PHP Startup: Unable to load dynamic library 'php_curl.dll' (tried: C:/Users/romai/AppData/Roaming/Local/lightning-services/php-7.4.30+5/bin/win64/ext\php_curl.dll (Le module spécifié est introuvable), C:/Users/romai/AppData/Roaming/Local/lightning-services/php-7.4.30+5/bin/win64/ext\php_php_curl.dll.dll (Le module spécifié est introuvable)) in Unknown on line 0
[03-Feb-2023 20:03:58 UTC] PHP Warning:  PHP Startup: Unable to load dynamic library 'php_gettext.dll' (tried: C:/Users/romai/AppData/Roaming/Local/lightning-services/php-7.4.30+5/bin/win64/ext\php_gettext.dll (Le module spécifié est introuvable), C:/Users/romai/AppData/Roaming/Local/lightning-services/php-7.4.30+5/bin/win64/ext\php_php_gettext.dll.dll (Le module spécifié est introuvable)) in Unknown on line 0
[03-Feb-2023 20:03:58 UTC] PHP Warning:  PHP Startup: Unable to load dynamic library 'php_openssl.dll' (tried: C:/Users/romai/AppData/Roaming/Local/lightning-services/php-7.4.30+5/bin/win64/ext\php_openssl.dll (Le module spécifié est introuvable), C:/Users/romai/AppData/Roaming/Local/lightning-services/php-7.4.30+5/bin/win64/ext\php_php_openssl.dll.dll (Le module spécifié est introuvable)) in Unknown on line 0
[03-Feb-2023 20:03:58 UTC] PHP Warning:  PHP Startup: Unable to load dynamic library 'php_exif.dll' (tried: C:/Users/romai/AppData/Roaming/Local/lightning-services/php-7.4.30+5/bin/win64/ext\php_exif.dll (Le module spécifié est introuvable), C:/Users/romai/AppData/Roaming/Local/lightning-services/php-7.4.30+5/bin/win64/ext\php_php_exif.dll.dll (Le module spécifié est introuvable)) in Unknown on line 0
[03-Feb-2023 20:03:58 UTC] PHP Warning:  PHP Startup: Unable to load dynamic library 'php_gd2.dll' (tried: C:/Users/romai/AppData/Roaming/Local/lightning-services/php-7.4.30+5/bin/win64/ext\php_gd2.dll (Le module spécifié est introuvable), C:/Users/romai/AppData/Roaming/Local/lightning-services/php-7.4.30+5/bin/win64/ext\php_php_gd2.dll.dll (Le module spécifié est introuvable)) in Unknown on line 0
[03-Feb-2023 20:03:58 UTC] PHP Warning:  PHP Startup: Unable to load dynamic library 'php_ftp.dll' (tried: C:/Users/romai/AppData/Roaming/Local/lightning-services/php-7.4.30+5/bin/win64/ext\php_ftp.dll (Le module spécifié est introuvable), C:/Users/romai/AppData/Roaming/Local/lightning-services/php-7.4.30+5/bin/win64/ext\php_php_ftp.dll.dll (Le module spécifié est introuvable)) in Unknown on line 0
[03-Feb-2023 20:03:58 UTC] PHP Warning:  PHP Startup: Unable to load dynamic library 'php_imap.dll' (tried: C:/Users/romai/AppData/Roaming/Local/lightning-services/php-7.4.30+5/bin/win64/ext\php_imap.dll (Le module spécifié est introuvable), C:/Users/romai/AppData/Roaming/Local/lightning-services/php-7.4.30+5/bin/win64/ext\php_php_imap.dll.dll (Le module spécifié est introuvable)) in Unknown on line 0
[03-Feb-2023 20:03:58 UTC] PHP Warning:  PHP Startup: Unable to load dynamic library 'php_bz2.dll' (tried: C:/Users/romai/AppData/Roaming/Local/lightning-services/php-7.4.30+5/bin/win64/ext\php_bz2.dll (Le module spécifié est introuvable), C:/Users/romai/AppData/Roaming/Local/lightning-services/php-7.4.30+5/bin/win64/ext\php_php_bz2.dll.dll (Le module spécifié est introuvable)) in Unknown on line 0
[03-Feb-2023 20:03:58 UTC] PHP Warning:  PHP Startup: Unable to load dynamic library 'php_mbstring.dll' (tried: C:/Users/romai/AppData/Roaming/Local/lightning-services/php-7.4.30+5/bin/win64/ext\php_mbstring.dll (Le module spécifié est introuvable), C:/Users/romai/AppData/Roaming/Local/lightning-services/php-7.4.30+5/bin/win64/ext\php_php_mbstring.dll.dll (Le module spécifié est introuvable)) in Unknown on line 0
[03-Feb-2023 20:03:58 UTC] PHP Warning:  PHP Startup: Unable to load dynamic library 'php_sodium.dll' (tried: C:/Users/romai/AppData/Roaming/Local/lightning-services/php-7.4.30+5/bin/win64/ext\php_sodium.dll (Le module spécifié est introuvable), C:/Users/romai/AppData/Roaming/Local/lightning-services/php-7.4.30+5/bin/win64/ext\php_php_sodium.dll.dll (Le module spécifié est introuvable)) in Unknown on line 0
[03-Feb-2023 20:03:58 UTC] PHP Warning:  PHP Startup: Unable to load dynamic library 'php_tidy.dll' (tried: C:/Users/romai/AppData/Roaming/Local/lightning-services/php-7.4.30+5/bin/win64/ext\php_tidy.dll (Le module spécifié est introuvable), C:/Users/romai/AppData/Roaming/Local/lightning-services/php-7.4.30+5/bin/win64/ext\php_php_tidy.dll.dll (Le module spécifié est introuvable)) in Unknown on line 0
[03-Feb-2023 20:03:58 UTC] PHP Warning:  PHP Startup: Unable to load dynamic library 'php_xsl.dll' (tried: C:/Users/romai/AppData/Roaming/Local/lightning-services/php-7.4.30+5/bin/win64/ext\php_xsl.dll (Le module spécifié est introuvable), C:/Users/romai/AppData/Roaming/Local/lightning-services/php-7.4.30+5/bin/win64/ext\php_php_xsl.dll.dll (Le module spécifié est introuvable)) in Unknown on line 0
[03-Feb-2023 20:03:58 UTC] PHP Warning:  PHP Startup: Unable to load dynamic library 'php_xmlrpc.dll' (tried: C:/Users/romai/AppData/Roaming/Local/lightning-services/php-7.4.30+5/bin/win64/ext\php_xmlrpc.dll (Le module spécifié est introuvable), C:/Users/romai/AppData/Roaming/Local/lightning-services/php-7.4.30+5/bin/win64/ext\php_php_xmlrpc.dll.dll (Le module spécifié est introuvable)) in Unknown on line 0
[03-Feb-2023 20:03:58 UTC] PHP Warning:  PHP Startup: Unable to load dynamic library 'php_soap.dll' (tried: C:/Users/romai/AppData/Roaming/Local/lightning-services/php-7.4.30+5/bin/win64/ext\php_soap.dll (Le module spécifié est introuvable), C:/Users/romai/AppData/Roaming/Local/lightning-services/php-7.4.30+5/bin/win64/ext\php_php_soap.dll.dll (Le module spécifié est introuvable)) in Unknown on line 0
[03-Feb-2023 20:03:58 UTC] PHP Warning:  PHP Startup: Unable to load dynamic library 'php_mysqli.dll' (tried: C:/Users/romai/AppData/Roaming/Local/lightning-services/php-7.4.30+5/bin/win64/ext\php_mysqli.dll (Le module spécifié est introuvable), C:/Users/romai/AppData/Roaming/Local/lightning-services/php-7.4.30+5/bin/win64/ext\php_php_mysqli.dll.dll (Le module spécifié est introuvable)) in Unknown on line 0
[03-Feb-2023 20:03:58 UTC] PHP Warning:  PHP Startup: Unable to load dynamic library 'php_pdo_mysql.dll' (tried: C:/Users/romai/AppData/Roaming/Local/lightning-services/php-7.4.30+5/bin/win64/ext\php_pdo_mysql.dll (Le module spécifié est introuvable), C:/Users/romai/AppData/Roaming/Local/lightning-services/php-7.4.30+5/bin/win64/ext\php_php_pdo_mysql.dll.dll (Le module spécifié est introuvable)) in Unknown on line 0
[03-Feb-2023 20:03:58 UTC] PHP Warning:  PHP Startup: Unable to load dynamic library 'php_intl.dll' (tried: C:/Users/romai/AppData/Roaming/Local/lightning-services/php-7.4.30+5/bin/win64/ext\php_intl.dll (Le module spécifié est introuvable), C:/Users/romai/AppData/Roaming/Local/lightning-services/php-7.4.30+5/bin/win64/ext\php_php_intl.dll.dll (Le module spécifié est introuvable)) in Unknown on line 0
[03-Feb-2023 20:03:58 UTC] PHP Warning:  PHP Startup: Unable to load dynamic library 'php_imagick.dll' (tried: C:/Users/romai/AppData/Roaming/Local/lightning-services/php-7.4.30+5/bin/win64/ext\php_imagick.dll (Le module spécifié est introuvable), C:/Users/romai/AppData/Roaming/Local/lightning-services/php-7.4.30+5/bin/win64/ext\php_php_imagick.dll.dll (Le module spécifié est introuvable)) in Unknown on line 0
[03-Feb-2023 20:03:59 UTC] PHP Fatal error:  Uncaught Error: Call to undefined function mysql_connect() in C:\Users\romai\Local Sites\chic-dressing\app\public\wp-includes\class-wpdb.php:1810
Stack trace:
#0 C:\Users\romai\Local Sites\chic-dressing\app\public\wp-includes\class-wpdb.php(734): wpdb->db_connect()
#1 C:\Users\romai\Local Sites\chic-dressing\app\public\wp-includes\load.php(562): wpdb->__construct('root', 'root', 'local', 'localhost')
#2 C:\Users\romai\Local Sites\chic-dressing\app\public\wp-settings.php(124): require_wp_db()
#3 phar://C:/Users/romai/AppData/Local/Programs/Local/resources/extraResources/bin/wp-cli/wp-cli.phar/vendor/wp-cli/wp-cli/php/WP_CLI/Runner.php(1336): require('C:\\Users\\romai\\...')
#4 phar://C:/Users/romai/AppData/Local/Programs/Local/resources/extraResources/bin/wp-cli/wp-cli.phar/vendor/wp-cli/wp-cli/php/WP_CLI/Runner.php(1254): WP_CLI\Runner->load_wordpress()
#5 phar://C:/Users/romai/AppData/Local/Programs/Local/resources/extraResources/bin/wp-cli/wp-cli.phar/vendor/wp-cli/wp-cli/php/WP_CLI/Bootstrap/LaunchRunner.php(28): WP_CLI\Runner->start()
#6 phar://C:/Users/romai/AppData/Local/Programs/Local/resources/extraResources/bin/wp-cli/wp-cli.phar/vendor/wp-cli/wp-cli/php/bootstrap.php(78): WP_CLI\Bootstrap\LaunchRunner->process(Object(WP_CLI\Bootstrap\BootstrapState))
#7 phar://C:/Users/romai/AppData/Local/Programs/Local/resources/extraResources/bin/wp-cli/wp-cli.phar/vendor/wp-cli/wp-cli/php/wp-cli.php(32): WP_CLI\bootstrap()
#8 phar://C:/Users/romai/AppData/Local/Programs/Local/resources/extraResources/bin/wp-cli/wp-cli.phar/php/boot-phar.php(11): include('phar://C:/Users...')
#9 C:\Users\romai\AppData\Local\Programs\Local\resources\extraResources\bin\wp-cli\wp-cli.phar(4): include('phar://C:/Users...')
#10 {main}
  thrown in C:\Users\romai\Local Sites\chic-dressing\app\public\wp-includes\class-wpdb.php on line 1810
